<?xml version="1.0" encoding="UTF-8"?>
<coverage generated="1702262648708" clover="3.2.0">
  <project timestamp="1702262648708" name="All files">
    <metrics statements="31" coveredstatements="29" conditionals="2" coveredconditionals="1" methods="4" coveredmethods="4" elements="37" coveredelements="34" complexity="0" loc="31" ncloc="31" packages="1" files="1" classes="1"/>
    <file name="helper_functions" path="/Users/rohit/igor/Databases and the Web/crypto-market/test/misc/helper_functions">
      <metrics statements="31" coveredstatements="29" conditionals="2" coveredconditionals="1" methods="4" coveredmethods="4"/>
      <line num="1" count="4" type="stmt"/>
      <line num="2" count="4" type="stmt"/>
      <line num="4" count="4" type="stmt"/>
      <line num="6" count="4" type="cond" truecount="1" falsecount="1"/>
      <line num="7" count="4" type="stmt"/>
      <line num="8" count="4" type="stmt"/>
      <line num="9" count="4" type="stmt"/>
      <line num="10" count="4" type="stmt"/>
      <line num="13" count="4" type="stmt"/>
      <line num="14" count="2" type="stmt"/>
      <line num="15" count="2" type="stmt"/>
      <line num="24" count="2" type="stmt"/>
      <line num="26" count="0" type="stmt"/>
      <line num="31" count="4" type="stmt"/>
      <line num="32" count="4" type="stmt"/>
      <line num="33" count="4" type="stmt"/>
      <line num="34" count="3" type="stmt"/>
      <line num="36" count="3" type="stmt"/>
      <line num="40" count="4" type="stmt"/>
      <line num="41" count="1" type="stmt"/>
      <line num="42" count="1" type="stmt"/>
      <line num="51" count="0" type="stmt"/>
      <line num="53" count="1" type="stmt"/>
      <line num="58" count="4" type="stmt"/>
      <line num="59" count="2" type="stmt"/>
      <line num="60" count="2" type="stmt"/>
      <line num="65" count="2" type="stmt"/>
      <line num="66" count="2" type="stmt"/>
      <line num="67" count="2" type="stmt"/>
      <line num="70" count="2" type="stmt"/>
      <line num="74" count="4" type="stmt"/>
    </file>
  </project>
</coverage>
