{"/Users/rohit/igor/Databases and the Web/crypto-market/test/misc/helper_functions": {"path":"/Users/rohit/igor/Databases and the Web/crypto-market/test/misc/helper_functions","statementMap":{"0":{"start":{"line":1,"column":14},"end":{"line":1,"column":30}},"1":{"start":{"line":2,"column":12},"end":{"line":2,"column":29}},"2":{"start":{"line":4,"column":0},"end":{"line":4,"column":13}},"3":{"start":{"line":6,"column":13},"end":{"line":6,"column":37}},"4":{"start":{"line":7,"column":18},"end":{"line":7,"column":55}},"5":{"start":{"line":8,"column":21},"end":{"line":8,"column":61}},"6":{"start":{"line":9,"column":19},"end":{"line":9,"column":62}},"7":{"start":{"line":10,"column":19},"end":{"line":10,"column":56}},"8":{"start":{"line":13,"column":18},"end":{"line":28,"column":1}},"9":{"start":{"line":14,"column":2},"end":{"line":27,"column":3}},"10":{"start":{"line":15,"column":21},"end":{"line":23,"column":5}},"11":{"start":{"line":24,"column":4},"end":{"line":24,"column":25}},"12":{"start":{"line":26,"column":4},"end":{"line":26,"column":36}},"13":{"start":{"line":31,"column":21},"end":{"line":38,"column":1}},"14":{"start":{"line":32,"column":2},"end":{"line":37,"column":3}},"15":{"start":{"line":33,"column":21},"end":{"line":33,"column":61}},"16":{"start":{"line":34,"column":4},"end":{"line":34,"column":25}},"17":{"start":{"line":36,"column":4},"end":{"line":36,"column":47}},"18":{"start":{"line":40,"column":19},"end":{"line":55,"column":1}},"19":{"start":{"line":41,"column":2},"end":{"line":54,"column":3}},"20":{"start":{"line":42,"column":21},"end":{"line":50,"column":5}},"21":{"start":{"line":51,"column":4},"end":{"line":51,"column":25}},"22":{"start":{"line":53,"column":4},"end":{"line":53,"column":36}},"23":{"start":{"line":58,"column":19},"end":{"line":72,"column":1}},"24":{"start":{"line":59,"column":17},"end":{"line":59,"column":22}},"25":{"start":{"line":60,"column":22},"end":{"line":63,"column":3}},"26":{"start":{"line":65,"column":2},"end":{"line":71,"column":3}},"27":{"start":{"line":66,"column":21},"end":{"line":66,"column":77}},"28":{"start":{"line":67,"column":4},"end":{"line":67,"column":25}},"29":{"start":{"line":70,"column":4},"end":{"line":70,"column":16}},"30":{"start":{"line":74,"column":0},"end":{"line":86,"column":2}}},"fnMap":{"0":{"name":"(anonymous_0)","decl":{"start":{"line":13,"column":18},"end":{"line":13,"column":19}},"loc":{"start":{"line":13,"column":48},"end":{"line":28,"column":1}},"line":13},"1":{"name":"(anonymous_1)","decl":{"start":{"line":31,"column":21},"end":{"line":31,"column":22}},"loc":{"start":{"line":31,"column":41},"end":{"line":38,"column":1}},"line":31},"2":{"name":"(anonymous_2)","decl":{"start":{"line":40,"column":19},"end":{"line":40,"column":20}},"loc":{"start":{"line":40,"column":38},"end":{"line":55,"column":1}},"line":40},"3":{"name":"(anonymous_3)","decl":{"start":{"line":58,"column":19},"end":{"line":58,"column":20}},"loc":{"start":{"line":58,"column":31},"end":{"line":72,"column":1}},"line":58}},"branchMap":{"0":{"loc":{"start":{"line":6,"column":13},"end":{"line":6,"column":37}},"type":"binary-expr","locations":[{"start":{"line":6,"column":13},"end":{"line":6,"column":29}},{"start":{"line":6,"column":33},"end":{"line":6,"column":37}}],"line":6}},"s":{"0":4,"1":4,"2":4,"3":4,"4":4,"5":4,"6":4,"7":4,"8":4,"9":2,"10":2,"11":2,"12":0,"13":4,"14":4,"15":4,"16":3,"17":3,"18":4,"19":1,"20":1,"21":0,"22":1,"23":4,"24":2,"25":2,"26":2,"27":2,"28":2,"29":2,"30":4},"f":{"0":2,"1":4,"2":1,"3":2},"b":{"0":[4,0]},"inputSourceMap":null,"_coverageSchema":"1a1c01bbd47fc00a2c39e90264f33305004495a9","hash":"38d0f8de8b193e3fdbfa8674d1eb432ea0bb9887"}
}
