TN:
SF:test/misc/helper_functions
FN:13,(anonymous_0)
FN:31,(anonymous_1)
FN:40,(anonymous_2)
FN:58,(anonymous_3)
FNF:4
FNH:4
FNDA:2,(anonymous_0)
FNDA:4,(anonymous_1)
FNDA:1,(anonymous_2)
FNDA:2,(anonymous_3)
DA:1,4
DA:2,4
DA:4,4
DA:6,4
DA:7,4
DA:8,4
DA:9,4
DA:10,4
DA:13,4
DA:14,2
DA:15,2
DA:24,2
DA:26,0
DA:31,4
DA:32,4
DA:33,4
DA:34,3
DA:36,3
DA:40,4
DA:41,1
DA:42,1
DA:51,0
DA:53,1
DA:58,4
DA:59,2
DA:60,2
DA:65,2
DA:66,2
DA:67,2
DA:70,2
DA:74,4
LF:31
LH:29
BRDA:6,0,0,4
BRDA:6,0,1,0
BRF:2
BRH:1
end_of_record
